[    2364ms] [INFO] %cDownload the React DevTools for a better development experience: https://react.dev/link/react-devtools font-weight:bold @ http://localhost:3000/_next/static/chunks/node_modules_next_dist_f3530cac._.js:2297
[    2424ms] [LOG] [HMR] connected @ http://localhost:3000/_next/static/chunks/node_modules_next_dist_f3530cac._.js:2297
[    2575ms] [LOG] %c[Vercel Web Analytics]%c Debug mode is enabled by default in development. No requests will be sent to the server. color: rgb(120, 120, 120) color: inherit @ http://localhost:3000/_next/static/chunks/node_modules_next_dist_f3530cac._.js:2297
[    2575ms] [LOG] %c[Vercel Web Analytics]%c Running queued event color: rgb(120, 120, 120) color: inherit pageview {route: /venue/[name], path: /venue/first-presbyterian-church-of-hollywood} @ http://localhost:3000/_next/static/chunks/node_modules_next_dist_f3530cac._.js:2297
[    2577ms] [LOG] %c[Vercel Web Analytics]%c [view] http://localhost:3000/venue/first-presbyterian-church-of-hollywood color: rgb(120, 120, 120) color: inherit {o: http://localhost:3000/venue/first-presbyterian-church-of-hollywood, sv: 0.1.3, sdkn: @vercel/analytics/next, sdkv: 1.6.1, ts: 1778710621474} /_vercel/insights/view @ http://localhost:3000/_next/static/chunks/node_modules_next_dist_f3530cac._.js:2297
[    5605ms] [WARNING] Image with src "https://phwwfimrpbdwiwpkuzwj.supabase.co/storage/v1/object/public/venue-photos/first-presbyterian-hollywood/hero.JPG" was detected as the Largest Contentful Paint (LCP). Please add the `loading="eager"` property if this image is above the fold.
Read more: https://nextjs.org/docs/app/api-reference/components/image#loading @ http://localhost:3000/_next/static/chunks/node_modules_next_dist_f3530cac._.js:2297
[    5607ms] [LOG] [Fast Refresh] rebuilding @ http://localhost:3000/_next/static/chunks/node_modules_next_dist_f3530cac._.js:2297
[    5650ms] [LOG] [Fast Refresh] done in 144ms @ http://localhost:3000/_next/static/chunks/node_modules_next_dist_f3530cac._.js:2297
[   20174ms] [ERROR] WebSocket connection to 'ws://localhost:3000/_next/webpack-hmr?id=HyEb9qiTlmiRtNIlM5PVN' failed: Error in connection establishment: net::ERR_CONNECTION_REFUSED @ http://localhost:3000/_next/static/chunks/node_modules_next_dist_client_17643121._.js:10878
[   21177ms] [ERROR] WebSocket connection to 'ws://localhost:3000/_next/webpack-hmr?id=HyEb9qiTlmiRtNIlM5PVN' failed: Error in connection establishment: net::ERR_CONNECTION_REFUSED @ http://localhost:3000/_next/static/chunks/node_modules_next_dist_client_17643121._.js:10878
[   22180ms] [ERROR] WebSocket connection to 'ws://localhost:3000/_next/webpack-hmr?id=HyEb9qiTlmiRtNIlM5PVN' failed: Error in connection establishment: net::ERR_CONNECTION_REFUSED @ http://localhost:3000/_next/static/chunks/node_modules_next_dist_client_17643121._.js:10878
[   23184ms] [ERROR] WebSocket connection to 'ws://localhost:3000/_next/webpack-hmr?id=HyEb9qiTlmiRtNIlM5PVN' failed: Error in connection establishment: net::ERR_CONNECTION_REFUSED @ http://localhost:3000/_next/static/chunks/node_modules_next_dist_client_17643121._.js:10878
[   24186ms] [ERROR] WebSocket connection to 'ws://localhost:3000/_next/webpack-hmr?id=HyEb9qiTlmiRtNIlM5PVN' failed: Error in connection establishment: net::ERR_CONNECTION_REFUSED @ http://localhost:3000/_next/static/chunks/node_modules_next_dist_client_17643121._.js:10878
[   29190ms] [ERROR] WebSocket connection to 'ws://localhost:3000/_next/webpack-hmr?id=HyEb9qiTlmiRtNIlM5PVN' failed: Error in connection establishment: net::ERR_CONNECTION_REFUSED @ http://localhost:3000/_next/static/chunks/node_modules_next_dist_client_17643121._.js:10878
[   34194ms] [ERROR] WebSocket connection to 'ws://localhost:3000/_next/webpack-hmr?id=HyEb9qiTlmiRtNIlM5PVN' failed: Error in connection establishment: net::ERR_CONNECTION_REFUSED @ http://localhost:3000/_next/static/chunks/node_modules_next_dist_client_17643121._.js:10878
[   39198ms] [ERROR] WebSocket connection to 'ws://localhost:3000/_next/webpack-hmr?id=HyEb9qiTlmiRtNIlM5PVN' failed: Error in connection establishment: net::ERR_CONNECTION_REFUSED @ http://localhost:3000/_next/static/chunks/node_modules_next_dist_client_17643121._.js:10878
[   44202ms] [ERROR] WebSocket connection to 'ws://localhost:3000/_next/webpack-hmr?id=HyEb9qiTlmiRtNIlM5PVN' failed: Error in connection establishment: net::ERR_CONNECTION_REFUSED @ http://localhost:3000/_next/static/chunks/node_modules_next_dist_client_17643121._.js:10878
[   49208ms] [ERROR] WebSocket connection to 'ws://localhost:3000/_next/webpack-hmr?id=HyEb9qiTlmiRtNIlM5PVN' failed: Error in connection establishment: net::ERR_CONNECTION_REFUSED @ http://localhost:3000/_next/static/chunks/node_modules_next_dist_client_17643121._.js:10878
[   54217ms] [ERROR] WebSocket connection to 'ws://localhost:3000/_next/webpack-hmr?id=HyEb9qiTlmiRtNIlM5PVN' failed: Error in connection establishment: net::ERR_CONNECTION_REFUSED @ http://localhost:3000/_next/static/chunks/node_modules_next_dist_client_17643121._.js:10878
[   59223ms] [ERROR] WebSocket connection to 'ws://localhost:3000/_next/webpack-hmr?id=HyEb9qiTlmiRtNIlM5PVN' failed: Error in connection establishment: net::ERR_CONNECTION_REFUSED @ http://localhost:3000/_next/static/chunks/node_modules_next_dist_client_17643121._.js:10878
